Reading netlist file: "/home/muheet-ghani/fpga_project/impl/gwsynthesis/fpga_project.vg"
Parsing netlist file "/home/muheet-ghani/fpga_project/impl/gwsynthesis/fpga_project.vg" completed
Processing netlist completed
Reading constraint file: "/home/muheet-ghani/fpga_project/src/fpga_project.cst"
Physical Constraint parsed completed
Running placement......
[10%] Placement Phase 0 completed
[20%] Placement Phase 1 completed
[30%] Placement Phase 2 completed
WARN  (TA1117) : Can't calculate clocks' relationship between: "u_ball/n273_3" and "u_Gowin_CLKDIV/clkdiv_inst/CLKOUT.default_gen_clk"
WARN  (TA1117) : Can't calculate clocks' relationship between: "rst_Z" and "u_Gowin_CLKDIV/clkdiv_inst/CLKOUT.default_gen_clk"
WARN  (TA1117) : Can't calculate clocks' relationship between: "u_ball/n286_3" and "u_Gowin_CLKDIV/clkdiv_inst/CLKOUT.default_gen_clk"
WARN  (TA1117) : Can't calculate clocks' relationship between: "u_Gowin_CLKDIV/clkdiv_inst/CLKOUT.default_gen_clk" and "u_ball/n273_3"
WARN  (TA1117) : Can't calculate clocks' relationship between: "u_Gowin_CLKDIV/clkdiv_inst/CLKOUT.default_gen_clk" and "u_ball/n286_3"
[50%] Placement Phase 3 completed
Running routing......
[60%] Routing Phase 0 completed
[70%] Routing Phase 1 completed
[80%] Routing Phase 2 completed
[90%] Routing Phase 3 completed
Running timing analysis......
[95%] Timing analysis completed
Placement and routing completed
Bitstream generation in progress......
Bitstream generation completed
Running power analysis......
[100%] Power analysis completed
Generate file "/home/muheet-ghani/fpga_project/impl/pnr/fpga_project.power.html" completed
Generate file "/home/muheet-ghani/fpga_project/impl/pnr/fpga_project.pin.html" completed
Generate file "/home/muheet-ghani/fpga_project/impl/pnr/fpga_project.rpt.html" completed
Generate file "/home/muheet-ghani/fpga_project/impl/pnr/fpga_project.rpt.txt" completed
Generate file "/home/muheet-ghani/fpga_project/impl/pnr/fpga_project.tr.html" completed
Thu Nov  2 20:51:10 2023

